================================================================================
BUG ID: 1001
Date: 2025-11-23 12:37:27
Module: TestJira
Severity: MEDIUM
Status: OPEN
--------------------------------------------------------------------------------
Description:
  Automated test bug created by TestJira

Steps to Reproduce:
  1) Run TestJira
2) Observe bugs.log and Jira (if enabled)

Expected Result:
  No exception expected

Actual Result:
  This is a synthetic test for Jira integration

================================================================================

[Jira POST FAILED] HTTP 400
{"errorMessages":[],"errors":{"project":"valid project is required"}}


================================================================================
BUG ID: 1001
Date: 2025-11-23 12:38:45
Module: TestJira
Severity: MEDIUM
Status: OPEN
--------------------------------------------------------------------------------
Description:
  Automated test bug created by TestJira

Steps to Reproduce:
1) Run TestJira
2) Observe bugs.log and Jira (if enabled)

Expected Result:
  No exception expected

Actual Result:
  This is a synthetic test for Jira integration

================================================================================

[Jira POST FAILED] HTTP 400
{"errorMessages":[],"errors":{"project":"valid project is required"}}


================================================================================
BUG ID: 1001
Date: 2025-11-24 14:29:49
Module: ResturantScreen
Severity: HIGH
Status: OPEN
--------------------------------------------------------------------------------
Description:
  SQLiteException: [SQLITE_ERROR] SQL error or missing database (table orders has no column named restaurant_address)

Steps to Reproduce:
  See stack trace for conditions. Occurred in: org.sqlite.core.DB.newSQLException() at line 1179

Expected Result:
  No exception thrown

Actual Result:
  org.sqlite.SQLiteException: [SQLITE_ERROR] SQL error or missing database (table orders has no column named restaurant_address)
	at org.sqlite.core.DB.newSQLException(DB.java:1179)
	at org.sqlite.core.DB.newSQLException(DB.java:1190)
	at org.sqlite.core.DB.throwex(DB.java:1150)
	at org.sqlite.core.NativeDB.prepare_utf8(Native Method)
	at org.sqlite.core.NativeDB.prepare(NativeDB.java:126)
	at org.sqlite.core.DB.prepare(DB.java:264)
	at org.sqlite.core.CorePreparedStatement.<init>(CorePreparedStatement.java:46)
	at org.sqlite.jdbc3.JDBC3PreparedStatement.<init>(JDBC3PreparedStatement.java:32)
	at org.sqlite.jdbc4.JDBC4PreparedStatement.<init>(JDBC4PreparedStatement.java:25)
	at org.sqlite.jdbc4.JDBC4Connection.prepareStatement(JDBC4Connection.java:34)
	at org.sqlite.jdbc3.JDBC3Connection.prepareStatement(JDBC3Connection.java:226)
	at org.sqlite.jdbc3.JDBC3Connection.prepareStatement(JDBC3Connection.java:206)
	at org.sqlite.jdbc3.JDBC3Connection.prepareStatement(JDBC3Connection.java:211)
	at OrderDatabase.createOrder(OrderDatabase.java:175)
	at ResturantScreen.createOrder(ResturantScreen.java:265)
	at ResturantScreen.lambda$createRestaurantRow$0(ResturantScreen.java:118)
	at java.desktop/javax.swing.AbstractButton.fireActionPerformed(AbstractButton.java:1972)
	at java.desktop/javax.swing.AbstractButton$Handler.actionPerformed(AbstractButton.java:2314)
	at java.desktop/javax.swing.DefaultButtonModel.fireActionPerformed(DefaultButtonModel.java:407)
	at java.desktop/javax.swing.DefaultButtonModel.setPressed(DefaultButtonModel.java:262)
	at java.desktop/javax.swing.plaf.basic.BasicButtonListener.mouseReleased(BasicButtonListener.java:279)
	at java.desktop/java.awt.Component.processMouseEvent(Component.java:6576)
	at java.desktop/javax.swing.JComponent.processMouseEvent(JComponent.java:3404)
	at java.desktop/java.awt.Component.processEvent(Component.java:6341)
	at java.desktop/java.awt.Container.processEvent(Container.java:2260)
	at java.desktop/java.awt.Component.dispatchEventImpl(Component.java:4958)
	at java.desktop/java.awt.Container.dispatchEventImpl(Container.java:2318)
	at java.desktop/java.awt.Component.dispatchEvent(Component.java:4790)
	at java.desktop/java.awt.LightweightDispatcher.retargetMouseEvent(Container.java:4917)
	at java.desktop/java.awt.LightweightDispatcher.processMouseEvent(Container.java:4560)
	at java.desktop/java.awt.LightweightDispatcher.dispatchEvent(Container.java:4501)
	at java.desktop/java.awt.Container.dispatchEventImpl(Container.java:2304)
	at java.desktop/java.awt.Window.dispatchEventImpl(Window.java:2671)
	at java.desktop/java.awt.Component.dispatchEvent(Component.java:4790)
	at java.desktop/java.awt.EventQueue.dispatchEventImpl(EventQueue.java:725)
	at java.desktop/java.awt.EventQueue.dispatchEvent(EventQueue.java:702)
	at java.desktop/java.awt.EventDispatchThread.pumpOneEventForFilters(EventDispatchThread.java:203)
	at java.desktop/java.awt.EventDispatchThread.pumpEventsForFilter(EventDispatchThread.java:124)
	at java.desktop/java.awt.EventDispatchThread.pumpEventsForHierarchy(EventDispatchThread.java:113)
	at java.desktop/java.awt.EventDispatchThread.pumpEvents(EventDispatchThread.java:109)
	at java.desktop/java.awt.EventDispatchThread.pumpEvents(EventDispatchThread.java:101)
	at java.desktop/java.awt.EventDispatchThread.run(EventDispatchThread.java:90)


================================================================================

================================================================================
BUG ID: 1001
Date: 2025-11-24 14:30:29
Module: TestJira
Severity: MEDIUM
Status: OPEN
--------------------------------------------------------------------------------
Description:
  Automated test bug created by TestJira

Steps to Reproduce:
  1) Run TestJira
2) Observe bugs.log and Jira (if enabled)

Expected Result:
  No exception expected

Actual Result:
  This is a synthetic test for Jira integration

================================================================================

================================================================================
BUG ID: 1001
Date: 2025-11-27 11:40:22
Module: TestJira
Severity: MEDIUM
Status: OPEN
--------------------------------------------------------------------------------
Description:
  Automated test bug created by TestJira

Steps to Reproduce:
  1) Run TestJira
2) Observe bugs.log and Jira (if enabled)

Expected Result:
  No exception expected

Actual Result:
  This is a synthetic test for Jira integration

================================================================================

================================================================================
BUG ID: 1001
Date: 2025-11-30 22:24:52
Module: DriverScreen
Severity: HIGH
Status: OPEN
--------------------------------------------------------------------------------
Description:
  SQLiteException: [SQLITE_ERROR] SQL error or missing database (no such table: orders)

Steps to Reproduce:
  See stack trace for conditions. Occurred in: org.sqlite.core.DB.newSQLException() at line 1179

Expected Result:
  No exception thrown

Actual Result:
  org.sqlite.SQLiteException: [SQLITE_ERROR] SQL error or missing database (no such table: orders)
	at org.sqlite.core.DB.newSQLException(DB.java:1179)
	at org.sqlite.core.DB.newSQLException(DB.java:1190)
	at org.sqlite.core.DB.throwex(DB.java:1150)
	at org.sqlite.core.NativeDB.prepare_utf8(Native Method)
	at org.sqlite.core.NativeDB.prepare(NativeDB.java:126)
	at org.sqlite.core.DB.prepare(DB.java:264)
	at org.sqlite.core.CorePreparedStatement.<init>(CorePreparedStatement.java:46)
	at org.sqlite.jdbc3.JDBC3PreparedStatement.<init>(JDBC3PreparedStatement.java:32)
	at org.sqlite.jdbc4.JDBC4PreparedStatement.<init>(JDBC4PreparedStatement.java:25)
	at org.sqlite.jdbc4.JDBC4Connection.prepareStatement(JDBC4Connection.java:34)
	at org.sqlite.jdbc3.JDBC3Connection.prepareStatement(JDBC3Connection.java:226)
	at org.sqlite.jdbc3.JDBC3Connection.prepareStatement(JDBC3Connection.java:206)
	at DriverDatabase.getOldestActiveOrder(DriverDatabase.java:213)
	at DriverScreen.loadCurrentOrder(DriverScreen.java:250)
	at DriverScreen.initUI(DriverScreen.java:246)
	at DriverScreen.<init>(DriverScreen.java:13)
	at LoginUI.onLogin(LoginUI.java:149)
	at java.desktop/javax.swing.AbstractButton.fireActionPerformed(AbstractButton.java:1972)
	at java.desktop/javax.swing.AbstractButton$Handler.actionPerformed(AbstractButton.java:2314)
	at java.desktop/javax.swing.DefaultButtonModel.fireActionPerformed(DefaultButtonModel.java:407)
	at java.desktop/javax.swing.DefaultButtonModel.setPressed(DefaultButtonModel.java:262)
	at java.desktop/javax.swing.plaf.basic.BasicButtonListener.mouseReleased(BasicButtonListener.java:279)
	at java.desktop/java.awt.Component.processMouseEvent(Component.java:6576)
	at java.desktop/javax.swing.JComponent.processMouseEvent(JComponent.java:3404)
	at java.desktop/java.awt.Component.processEvent(Component.java:6341)
	at java.desktop/java.awt.Container.processEvent(Container.java:2260)
	at java.desktop/java.awt.Component.dispatchEventImpl(Component.java:4958)
	at java.desktop/java.awt.Container.dispatchEventImpl(Container.java:2318)
	at java.desktop/java.awt.Component.dispatchEvent(Component.java:4790)
	at java.desktop/java.awt.LightweightDispatcher.retargetMouseEvent(Container.java:4917)
	at java.desktop/java.awt.LightweightDispatcher.processMouseEvent(Container.java:4560)
	at java.desktop/java.awt.LightweightDispatcher.dispatchEvent(Container.java:4501)
	at java.desktop/java.awt.Container.dispatchEventImpl(Container.java:2304)
	at java.desktop/java.awt.Window.dispatchEventImpl(Window.java:2671)
	at java.desktop/java.awt.Component.dispatchEvent(Component.java:4790)
	at java.desktop/java.awt.EventQueue.dispatchEventImpl(EventQueue.java:725)
	at java.desktop/java.awt.EventQueue.dispatchEvent(EventQueue.java:702)
	at java.desktop/java.awt.EventDispatchThread.pumpOneEventForFilters(EventDispatchThread.java:203)
	at java.desktop/java.awt.EventDispatchThread.pumpEventsForFilter(EventDispatchThread.java:124)
	at java.desktop/java.awt.EventDispatchThread.pumpEventsForHierarchy(EventDispatchThread.java:113)
	at java.desktop/java.awt.EventDispatchThread.pumpEvents(EventDispatchThread.java:109)
	at java.desktop/java.awt.EventDispatchThread.pumpEvents(EventDispatchThread.java:101)
	at java.desktop/java.awt.EventDispatchThread.run(EventDispatchThread.java:90)


================================================================================

================================================================================
BUG ID: 1002
Date: 2025-11-30 22:25:29
Module: DriverScreen
Severity: HIGH
Status: OPEN
--------------------------------------------------------------------------------
Description:
  SQLiteException: [SQLITE_ERROR] SQL error or missing database (no such table: orders)

Steps to Reproduce:
  See stack trace for conditions. Occurred in: org.sqlite.core.DB.newSQLException() at line 1179

Expected Result:
  No exception thrown

Actual Result:
  org.sqlite.SQLiteException: [SQLITE_ERROR] SQL error or missing database (no such table: orders)
	at org.sqlite.core.DB.newSQLException(DB.java:1179)
	at org.sqlite.core.DB.newSQLException(DB.java:1190)
	at org.sqlite.core.DB.throwex(DB.java:1150)
	at org.sqlite.core.NativeDB.prepare_utf8(Native Method)
	at org.sqlite.core.NativeDB.prepare(NativeDB.java:126)
	at org.sqlite.core.DB.prepare(DB.java:264)
	at org.sqlite.core.CorePreparedStatement.<init>(CorePreparedStatement.java:46)
	at org.sqlite.jdbc3.JDBC3PreparedStatement.<init>(JDBC3PreparedStatement.java:32)
	at org.sqlite.jdbc4.JDBC4PreparedStatement.<init>(JDBC4PreparedStatement.java:25)
	at org.sqlite.jdbc4.JDBC4Connection.prepareStatement(JDBC4Connection.java:34)
	at org.sqlite.jdbc3.JDBC3Connection.prepareStatement(JDBC3Connection.java:226)
	at org.sqlite.jdbc3.JDBC3Connection.prepareStatement(JDBC3Connection.java:206)
	at DriverDatabase.getOldestActiveOrder(DriverDatabase.java:213)
	at DriverScreen.loadCurrentOrder(DriverScreen.java:250)
	at DriverScreen.initUI(DriverScreen.java:246)
	at DriverScreen.<init>(DriverScreen.java:13)
	at LoginUI.onLogin(LoginUI.java:149)
	at java.desktop/javax.swing.AbstractButton.fireActionPerformed(AbstractButton.java:1972)
	at java.desktop/javax.swing.AbstractButton$Handler.actionPerformed(AbstractButton.java:2314)
	at java.desktop/javax.swing.DefaultButtonModel.fireActionPerformed(DefaultButtonModel.java:407)
	at java.desktop/javax.swing.DefaultButtonModel.setPressed(DefaultButtonModel.java:262)
	at java.desktop/javax.swing.plaf.basic.BasicButtonListener.mouseReleased(BasicButtonListener.java:279)
	at java.desktop/java.awt.Component.processMouseEvent(Component.java:6576)
	at java.desktop/javax.swing.JComponent.processMouseEvent(JComponent.java:3404)
	at java.desktop/java.awt.Component.processEvent(Component.java:6341)
	at java.desktop/java.awt.Container.processEvent(Container.java:2260)
	at java.desktop/java.awt.Component.dispatchEventImpl(Component.java:4958)
	at java.desktop/java.awt.Container.dispatchEventImpl(Container.java:2318)
	at java.desktop/java.awt.Component.dispatchEvent(Component.java:4790)
	at java.desktop/java.awt.LightweightDispatcher.retargetMouseEvent(Container.java:4917)
	at java.desktop/java.awt.LightweightDispatcher.processMouseEvent(Container.java:4560)
	at java.desktop/java.awt.LightweightDispatcher.dispatchEvent(Container.java:4501)
	at java.desktop/java.awt.Container.dispatchEventImpl(Container.java:2304)
	at java.desktop/java.awt.Window.dispatchEventImpl(Window.java:2671)
	at java.desktop/java.awt.Component.dispatchEvent(Component.java:4790)
	at java.desktop/java.awt.EventQueue.dispatchEventImpl(EventQueue.java:725)
	at java.desktop/java.awt.EventQueue.dispatchEvent(EventQueue.java:702)
	at java.desktop/java.awt.EventDispatchThread.pumpOneEventForFilters(EventDispatchThread.java:203)
	at java.desktop/java.awt.EventDispatchThread.pumpEventsForFilter(EventDispatchThread.java:124)
	at java.desktop/java.awt.EventDispatchThread.pumpEventsForHierarchy(EventDispatchThread.java:113)
	at java.desktop/java.awt.EventDispatchThread.pumpEvents(EventDispatchThread.java:109)
	at java.desktop/java.awt.EventDispatchThread.pumpEvents(EventDispatchThread.java:101)
	at java.desktop/java.awt.EventDispatchThread.run(EventDispatchThread.java:90)


================================================================================

================================================================================
BUG ID: 1001
Date: 2025-11-30 22:41:06
Module: DriverScreen
Severity: HIGH
Status: OPEN
--------------------------------------------------------------------------------
Description:
  SQLiteException: [SQLITE_ERROR] SQL error or missing database (no such table: orders)

Steps to Reproduce:
  See stack trace for conditions. Occurred in: org.sqlite.core.DB.newSQLException() at line 1179

Expected Result:
  No exception thrown

Actual Result:
  org.sqlite.SQLiteException: [SQLITE_ERROR] SQL error or missing database (no such table: orders)
	at org.sqlite.core.DB.newSQLException(DB.java:1179)
	at org.sqlite.core.DB.newSQLException(DB.java:1190)
	at org.sqlite.core.DB.throwex(DB.java:1150)
	at org.sqlite.core.NativeDB.prepare_utf8(Native Method)
	at org.sqlite.core.NativeDB.prepare(NativeDB.java:126)
	at org.sqlite.core.DB.prepare(DB.java:264)
	at org.sqlite.core.CorePreparedStatement.<init>(CorePreparedStatement.java:46)
	at org.sqlite.jdbc3.JDBC3PreparedStatement.<init>(JDBC3PreparedStatement.java:32)
	at org.sqlite.jdbc4.JDBC4PreparedStatement.<init>(JDBC4PreparedStatement.java:25)
	at org.sqlite.jdbc4.JDBC4Connection.prepareStatement(JDBC4Connection.java:34)
	at org.sqlite.jdbc3.JDBC3Connection.prepareStatement(JDBC3Connection.java:226)
	at org.sqlite.jdbc3.JDBC3Connection.prepareStatement(JDBC3Connection.java:206)
	at DriverDatabase.getOldestActiveOrder(DriverDatabase.java:213)
	at DriverScreen.loadCurrentOrder(DriverScreen.java:250)
	at DriverScreen.initUI(DriverScreen.java:246)
	at DriverScreen.<init>(DriverScreen.java:13)
	at LoginUI.onLogin(LoginUI.java:149)
	at java.desktop/javax.swing.AbstractButton.fireActionPerformed(AbstractButton.java:1972)
	at java.desktop/javax.swing.AbstractButton$Handler.actionPerformed(AbstractButton.java:2314)
	at java.desktop/javax.swing.DefaultButtonModel.fireActionPerformed(DefaultButtonModel.java:407)
	at java.desktop/javax.swing.DefaultButtonModel.setPressed(DefaultButtonModel.java:262)
	at java.desktop/javax.swing.plaf.basic.BasicButtonListener.mouseReleased(BasicButtonListener.java:279)
	at java.desktop/java.awt.Component.processMouseEvent(Component.java:6576)
	at java.desktop/javax.swing.JComponent.processMouseEvent(JComponent.java:3404)
	at java.desktop/java.awt.Component.processEvent(Component.java:6341)
	at java.desktop/java.awt.Container.processEvent(Container.java:2260)
	at java.desktop/java.awt.Component.dispatchEventImpl(Component.java:4958)
	at java.desktop/java.awt.Container.dispatchEventImpl(Container.java:2318)
	at java.desktop/java.awt.Component.dispatchEvent(Component.java:4790)
	at java.desktop/java.awt.LightweightDispatcher.retargetMouseEvent(Container.java:4917)
	at java.desktop/java.awt.LightweightDispatcher.processMouseEvent(Container.java:4560)
	at java.desktop/java.awt.LightweightDispatcher.dispatchEvent(Container.java:4501)
	at java.desktop/java.awt.Container.dispatchEventImpl(Container.java:2304)
	at java.desktop/java.awt.Window.dispatchEventImpl(Window.java:2671)
	at java.desktop/java.awt.Component.dispatchEvent(Component.java:4790)
	at java.desktop/java.awt.EventQueue.dispatchEventImpl(EventQueue.java:725)
	at java.desktop/java.awt.EventQueue.dispatchEvent(EventQueue.java:702)
	at java.desktop/java.awt.EventDispatchThread.pumpOneEventForFilters(EventDispatchThread.java:203)
	at java.desktop/java.awt.EventDispatchThread.pumpEventsForFilter(EventDispatchThread.java:124)
	at java.desktop/java.awt.EventDispatchThread.pumpEventsForHierarchy(EventDispatchThread.java:113)
	at java.desktop/java.awt.EventDispatchThread.pumpEvents(EventDispatchThread.java:109)
	at java.desktop/java.awt.EventDispatchThread.pumpEvents(EventDispatchThread.java:101)
	at java.desktop/java.awt.EventDispatchThread.run(EventDispatchThread.java:90)


================================================================================

================================================================================
BUG ID: 1001
Date: 2025-11-30 22:47:28
Module: DriverScreen
Severity: HIGH
Status: OPEN
--------------------------------------------------------------------------------
Description:
  SQLiteException: [SQLITE_ERROR] SQL error or missing database (no such table: orders)

Steps to Reproduce:
  See stack trace for conditions. Occurred in: org.sqlite.core.DB.newSQLException() at line 1179

Expected Result:
  No exception thrown

Actual Result:
  org.sqlite.SQLiteException: [SQLITE_ERROR] SQL error or missing database (no such table: orders)
	at org.sqlite.core.DB.newSQLException(DB.java:1179)
	at org.sqlite.core.DB.newSQLException(DB.java:1190)
	at org.sqlite.core.DB.throwex(DB.java:1150)
	at org.sqlite.core.NativeDB.prepare_utf8(Native Method)
	at org.sqlite.core.NativeDB.prepare(NativeDB.java:126)
	at org.sqlite.core.DB.prepare(DB.java:264)
	at org.sqlite.core.CorePreparedStatement.<init>(CorePreparedStatement.java:46)
	at org.sqlite.jdbc3.JDBC3PreparedStatement.<init>(JDBC3PreparedStatement.java:32)
	at org.sqlite.jdbc4.JDBC4PreparedStatement.<init>(JDBC4PreparedStatement.java:25)
	at org.sqlite.jdbc4.JDBC4Connection.prepareStatement(JDBC4Connection.java:34)
	at org.sqlite.jdbc3.JDBC3Connection.prepareStatement(JDBC3Connection.java:226)
	at org.sqlite.jdbc3.JDBC3Connection.prepareStatement(JDBC3Connection.java:206)
	at DriverDatabase.getOldestActiveOrder(DriverDatabase.java:213)
	at DriverScreen.loadCurrentOrder(DriverScreen.java:250)
	at DriverScreen.initUI(DriverScreen.java:246)
	at DriverScreen.<init>(DriverScreen.java:13)
	at LoginUI.onLogin(LoginUI.java:149)
	at java.desktop/javax.swing.AbstractButton.fireActionPerformed(AbstractButton.java:1972)
	at java.desktop/javax.swing.AbstractButton$Handler.actionPerformed(AbstractButton.java:2314)
	at java.desktop/javax.swing.DefaultButtonModel.fireActionPerformed(DefaultButtonModel.java:407)
	at java.desktop/javax.swing.DefaultButtonModel.setPressed(DefaultButtonModel.java:262)
	at java.desktop/javax.swing.plaf.basic.BasicButtonListener.mouseReleased(BasicButtonListener.java:279)
	at java.desktop/java.awt.Component.processMouseEvent(Component.java:6576)
	at java.desktop/javax.swing.JComponent.processMouseEvent(JComponent.java:3404)
	at java.desktop/java.awt.Component.processEvent(Component.java:6341)
	at java.desktop/java.awt.Container.processEvent(Container.java:2260)
	at java.desktop/java.awt.Component.dispatchEventImpl(Component.java:4958)
	at java.desktop/java.awt.Container.dispatchEventImpl(Container.java:2318)
	at java.desktop/java.awt.Component.dispatchEvent(Component.java:4790)
	at java.desktop/java.awt.LightweightDispatcher.retargetMouseEvent(Container.java:4917)
	at java.desktop/java.awt.LightweightDispatcher.processMouseEvent(Container.java:4560)
	at java.desktop/java.awt.LightweightDispatcher.dispatchEvent(Container.java:4501)
	at java.desktop/java.awt.Container.dispatchEventImpl(Container.java:2304)
	at java.desktop/java.awt.Window.dispatchEventImpl(Window.java:2671)
	at java.desktop/java.awt.Component.dispatchEvent(Component.java:4790)
	at java.desktop/java.awt.EventQueue.dispatchEventImpl(EventQueue.java:725)
	at java.desktop/java.awt.EventQueue.dispatchEvent(EventQueue.java:702)
	at java.desktop/java.awt.EventDispatchThread.pumpOneEventForFilters(EventDispatchThread.java:203)
	at java.desktop/java.awt.EventDispatchThread.pumpEventsForFilter(EventDispatchThread.java:124)
	at java.desktop/java.awt.EventDispatchThread.pumpEventsForHierarchy(EventDispatchThread.java:113)
	at java.desktop/java.awt.EventDispatchThread.pumpEvents(EventDispatchThread.java:109)
	at java.desktop/java.awt.EventDispatchThread.pumpEvents(EventDispatchThread.java:101)
	at java.desktop/java.awt.EventDispatchThread.run(EventDispatchThread.java:90)


================================================================================

================================================================================
BUG ID: 1001
Date: 2025-11-30 23:01:39
Module: DriverScreen
Severity: HIGH
Status: OPEN
--------------------------------------------------------------------------------
Description:
  SQLiteException: [SQLITE_ERROR] SQL error or missing database (no such table: orders)

Steps to Reproduce:
  See stack trace for conditions. Occurred in: org.sqlite.core.DB.newSQLException() at line 1179

Expected Result:
  No exception thrown

Actual Result:
  org.sqlite.SQLiteException: [SQLITE_ERROR] SQL error or missing database (no such table: orders)
	at org.sqlite.core.DB.newSQLException(DB.java:1179)
	at org.sqlite.core.DB.newSQLException(DB.java:1190)
	at org.sqlite.core.DB.throwex(DB.java:1150)
	at org.sqlite.core.NativeDB.prepare_utf8(Native Method)
	at org.sqlite.core.NativeDB.prepare(NativeDB.java:126)
	at org.sqlite.core.DB.prepare(DB.java:264)
	at org.sqlite.core.CorePreparedStatement.<init>(CorePreparedStatement.java:46)
	at org.sqlite.jdbc3.JDBC3PreparedStatement.<init>(JDBC3PreparedStatement.java:32)
	at org.sqlite.jdbc4.JDBC4PreparedStatement.<init>(JDBC4PreparedStatement.java:25)
	at org.sqlite.jdbc4.JDBC4Connection.prepareStatement(JDBC4Connection.java:34)
	at org.sqlite.jdbc3.JDBC3Connection.prepareStatement(JDBC3Connection.java:226)
	at org.sqlite.jdbc3.JDBC3Connection.prepareStatement(JDBC3Connection.java:206)
	at DriverDatabase.getOldestActiveOrder(DriverDatabase.java:213)
	at DriverScreen.loadCurrentOrder(DriverScreen.java:250)
	at DriverScreen.initUI(DriverScreen.java:246)
	at DriverScreen.<init>(DriverScreen.java:13)
	at LoginUI.onLogin(LoginUI.java:149)
	at java.desktop/javax.swing.AbstractButton.fireActionPerformed(AbstractButton.java:1972)
	at java.desktop/javax.swing.AbstractButton$Handler.actionPerformed(AbstractButton.java:2314)
	at java.desktop/javax.swing.DefaultButtonModel.fireActionPerformed(DefaultButtonModel.java:407)
	at java.desktop/javax.swing.DefaultButtonModel.setPressed(DefaultButtonModel.java:262)
	at java.desktop/javax.swing.plaf.basic.BasicButtonListener.mouseReleased(BasicButtonListener.java:279)
	at java.desktop/java.awt.Component.processMouseEvent(Component.java:6576)
	at java.desktop/javax.swing.JComponent.processMouseEvent(JComponent.java:3404)
	at java.desktop/java.awt.Component.processEvent(Component.java:6341)
	at java.desktop/java.awt.Container.processEvent(Container.java:2260)
	at java.desktop/java.awt.Component.dispatchEventImpl(Component.java:4958)
	at java.desktop/java.awt.Container.dispatchEventImpl(Container.java:2318)
	at java.desktop/java.awt.Component.dispatchEvent(Component.java:4790)
	at java.desktop/java.awt.LightweightDispatcher.retargetMouseEvent(Container.java:4917)
	at java.desktop/java.awt.LightweightDispatcher.processMouseEvent(Container.java:4560)
	at java.desktop/java.awt.LightweightDispatcher.dispatchEvent(Container.java:4501)
	at java.desktop/java.awt.Container.dispatchEventImpl(Container.java:2304)
	at java.desktop/java.awt.Window.dispatchEventImpl(Window.java:2671)
	at java.desktop/java.awt.Component.dispatchEvent(Component.java:4790)
	at java.desktop/java.awt.EventQueue.dispatchEventImpl(EventQueue.java:725)
	at java.desktop/java.awt.EventQueue.dispatchEvent(EventQueue.java:702)
	at java.desktop/java.awt.EventDispatchThread.pumpOneEventForFilters(EventDispatchThread.java:203)
	at java.desktop/java.awt.EventDispatchThread.pumpEventsForFilter(EventDispatchThread.java:124)
	at java.desktop/java.awt.EventDispatchThread.pumpEventsForHierarchy(EventDispatchThread.java:113)
	at java.desktop/java.awt.EventDispatchThread.pumpEvents(EventDispatchThread.java:109)
	at java.desktop/java.awt.EventDispatchThread.pumpEvents(EventDispatchThread.java:101)
	at java.desktop/java.awt.EventDispatchThread.run(EventDispatchThread.java:90)


================================================================================

================================================================================
BUG ID: 1001
Date: 2025-11-30 23:06:36
Module: DriverScreen
Severity: HIGH
Status: OPEN
--------------------------------------------------------------------------------
Description:
  SQLiteException: [SQLITE_ERROR] SQL error or missing database (no such table: orders)

Steps to Reproduce:
  See stack trace for conditions. Occurred in: org.sqlite.core.DB.newSQLException() at line 1179

Expected Result:
  No exception thrown

Actual Result:
  org.sqlite.SQLiteException: [SQLITE_ERROR] SQL error or missing database (no such table: orders)
	at org.sqlite.core.DB.newSQLException(DB.java:1179)
	at org.sqlite.core.DB.newSQLException(DB.java:1190)
	at org.sqlite.core.DB.throwex(DB.java:1150)
	at org.sqlite.core.NativeDB.prepare_utf8(Native Method)
	at org.sqlite.core.NativeDB.prepare(NativeDB.java:126)
	at org.sqlite.core.DB.prepare(DB.java:264)
	at org.sqlite.core.CorePreparedStatement.<init>(CorePreparedStatement.java:46)
	at org.sqlite.jdbc3.JDBC3PreparedStatement.<init>(JDBC3PreparedStatement.java:32)
	at org.sqlite.jdbc4.JDBC4PreparedStatement.<init>(JDBC4PreparedStatement.java:25)
	at org.sqlite.jdbc4.JDBC4Connection.prepareStatement(JDBC4Connection.java:34)
	at org.sqlite.jdbc3.JDBC3Connection.prepareStatement(JDBC3Connection.java:226)
	at org.sqlite.jdbc3.JDBC3Connection.prepareStatement(JDBC3Connection.java:206)
	at DriverDatabase.getOldestActiveOrder(DriverDatabase.java:213)
	at DriverScreen.loadCurrentOrder(DriverScreen.java:250)
	at DriverScreen.initUI(DriverScreen.java:246)
	at DriverScreen.<init>(DriverScreen.java:13)
	at LoginUI.onLogin(LoginUI.java:149)
	at java.desktop/javax.swing.AbstractButton.fireActionPerformed(AbstractButton.java:1972)
	at java.desktop/javax.swing.AbstractButton$Handler.actionPerformed(AbstractButton.java:2314)
	at java.desktop/javax.swing.DefaultButtonModel.fireActionPerformed(DefaultButtonModel.java:407)
	at java.desktop/javax.swing.DefaultButtonModel.setPressed(DefaultButtonModel.java:262)
	at java.desktop/javax.swing.plaf.basic.BasicButtonListener.mouseReleased(BasicButtonListener.java:279)
	at java.desktop/java.awt.Component.processMouseEvent(Component.java:6576)
	at java.desktop/javax.swing.JComponent.processMouseEvent(JComponent.java:3404)
	at java.desktop/java.awt.Component.processEvent(Component.java:6341)
	at java.desktop/java.awt.Container.processEvent(Container.java:2260)
	at java.desktop/java.awt.Component.dispatchEventImpl(Component.java:4958)
	at java.desktop/java.awt.Container.dispatchEventImpl(Container.java:2318)
	at java.desktop/java.awt.Component.dispatchEvent(Component.java:4790)
	at java.desktop/java.awt.LightweightDispatcher.retargetMouseEvent(Container.java:4917)
	at java.desktop/java.awt.LightweightDispatcher.processMouseEvent(Container.java:4560)
	at java.desktop/java.awt.LightweightDispatcher.dispatchEvent(Container.java:4501)
	at java.desktop/java.awt.Container.dispatchEventImpl(Container.java:2304)
	at java.desktop/java.awt.Window.dispatchEventImpl(Window.java:2671)
	at java.desktop/java.awt.Component.dispatchEvent(Component.java:4790)
	at java.desktop/java.awt.EventQueue.dispatchEventImpl(EventQueue.java:725)
	at java.desktop/java.awt.EventQueue.dispatchEvent(EventQueue.java:702)
	at java.desktop/java.awt.EventDispatchThread.pumpOneEventForFilters(EventDispatchThread.java:203)
	at java.desktop/java.awt.EventDispatchThread.pumpEventsForFilter(EventDispatchThread.java:124)
	at java.desktop/java.awt.EventDispatchThread.pumpEventsForHierarchy(EventDispatchThread.java:113)
	at java.desktop/java.awt.EventDispatchThread.pumpEvents(EventDispatchThread.java:109)
	at java.desktop/java.awt.EventDispatchThread.pumpEvents(EventDispatchThread.java:101)
	at java.desktop/java.awt.EventDispatchThread.run(EventDispatchThread.java:90)


================================================================================

================================================================================
BUG ID: 1001
Date: 2025-12-01 11:06:06
Module: DriverScreen
Severity: HIGH
Status: OPEN
--------------------------------------------------------------------------------
Description:
  SQLiteException: [SQLITE_ERROR] SQL error or missing database (no such table: orders)

Steps to Reproduce:
  See stack trace for conditions. Occurred in: org.sqlite.core.DB.newSQLException() at line 1179

Expected Result:
  No exception thrown

Actual Result:
  org.sqlite.SQLiteException: [SQLITE_ERROR] SQL error or missing database (no such table: orders)
	at org.sqlite.core.DB.newSQLException(DB.java:1179)
	at org.sqlite.core.DB.newSQLException(DB.java:1190)
	at org.sqlite.core.DB.throwex(DB.java:1150)
	at org.sqlite.core.NativeDB.prepare_utf8(Native Method)
	at org.sqlite.core.NativeDB.prepare(NativeDB.java:126)
	at org.sqlite.core.DB.prepare(DB.java:264)
	at org.sqlite.core.CorePreparedStatement.<init>(CorePreparedStatement.java:46)
	at org.sqlite.jdbc3.JDBC3PreparedStatement.<init>(JDBC3PreparedStatement.java:32)
	at org.sqlite.jdbc4.JDBC4PreparedStatement.<init>(JDBC4PreparedStatement.java:25)
	at org.sqlite.jdbc4.JDBC4Connection.prepareStatement(JDBC4Connection.java:34)
	at org.sqlite.jdbc3.JDBC3Connection.prepareStatement(JDBC3Connection.java:226)
	at org.sqlite.jdbc3.JDBC3Connection.prepareStatement(JDBC3Connection.java:206)
	at DriverDatabase.getOldestActiveOrder(DriverDatabase.java:213)
	at DriverScreen.loadCurrentOrder(DriverScreen.java:250)
	at DriverScreen.initUI(DriverScreen.java:246)
	at DriverScreen.<init>(DriverScreen.java:13)
	at LoginUI.onLogin(LoginUI.java:149)
	at java.desktop/javax.swing.AbstractButton.fireActionPerformed(AbstractButton.java:1972)
	at java.desktop/javax.swing.AbstractButton$Handler.actionPerformed(AbstractButton.java:2314)
	at java.desktop/javax.swing.DefaultButtonModel.fireActionPerformed(DefaultButtonModel.java:407)
	at java.desktop/javax.swing.DefaultButtonModel.setPressed(DefaultButtonModel.java:262)
	at java.desktop/javax.swing.plaf.basic.BasicButtonListener.mouseReleased(BasicButtonListener.java:279)
	at java.desktop/java.awt.Component.processMouseEvent(Component.java:6576)
	at java.desktop/javax.swing.JComponent.processMouseEvent(JComponent.java:3404)
	at java.desktop/java.awt.Component.processEvent(Component.java:6341)
	at java.desktop/java.awt.Container.processEvent(Container.java:2260)
	at java.desktop/java.awt.Component.dispatchEventImpl(Component.java:4958)
	at java.desktop/java.awt.Container.dispatchEventImpl(Container.java:2318)
	at java.desktop/java.awt.Component.dispatchEvent(Component.java:4790)
	at java.desktop/java.awt.LightweightDispatcher.retargetMouseEvent(Container.java:4917)
	at java.desktop/java.awt.LightweightDispatcher.processMouseEvent(Container.java:4560)
	at java.desktop/java.awt.LightweightDispatcher.dispatchEvent(Container.java:4501)
	at java.desktop/java.awt.Container.dispatchEventImpl(Container.java:2304)
	at java.desktop/java.awt.Window.dispatchEventImpl(Window.java:2671)
	at java.desktop/java.awt.Component.dispatchEvent(Component.java:4790)
	at java.desktop/java.awt.EventQueue.dispatchEventImpl(EventQueue.java:725)
	at java.desktop/java.awt.EventQueue.dispatchEvent(EventQueue.java:702)
	at java.desktop/java.awt.EventDispatchThread.pumpOneEventForFilters(EventDispatchThread.java:203)
	at java.desktop/java.awt.EventDispatchThread.pumpEventsForFilter(EventDispatchThread.java:124)
	at java.desktop/java.awt.EventDispatchThread.pumpEventsForHierarchy(EventDispatchThread.java:113)
	at java.desktop/java.awt.EventDispatchThread.pumpEvents(EventDispatchThread.java:109)
	at java.desktop/java.awt.EventDispatchThread.pumpEvents(EventDispatchThread.java:101)
	at java.desktop/java.awt.EventDispatchThread.run(EventDispatchThread.java:90)


================================================================================

================================================================================
BUG ID: 1001
Date: 2025-12-03 01:52:18
Module: ResturantScreen
Severity: HIGH
Status: OPEN
--------------------------------------------------------------------------------
Description:
  SQLException: No payment method available

Steps to Reproduce:
  See stack trace for conditions. Occurred in: ResturantScreen.saveOrderToDatabase() at line 298

Expected Result:
  No exception thrown

Actual Result:
  java.sql.SQLException: No payment method available
	at ResturantScreen.saveOrderToDatabase(ResturantScreen.java:298)
	at ResturantScreen.createOrder(ResturantScreen.java:204)
	at ResturantScreen.lambda$createRestaurantRow$1(ResturantScreen.java:151)
	at java.desktop/javax.swing.AbstractButton.fireActionPerformed(AbstractButton.java:1967)
	at java.desktop/javax.swing.AbstractButton$Handler.actionPerformed(AbstractButton.java:2308)
	at java.desktop/javax.swing.DefaultButtonModel.fireActionPerformed(DefaultButtonModel.java:405)
	at java.desktop/javax.swing.DefaultButtonModel.setPressed(DefaultButtonModel.java:262)
	at java.desktop/javax.swing.plaf.basic.BasicButtonListener.mouseReleased(BasicButtonListener.java:279)
	at java.desktop/java.awt.Component.processMouseEvent(Component.java:6635)
	at java.desktop/javax.swing.JComponent.processMouseEvent(JComponent.java:3342)
	at java.desktop/java.awt.Component.processEvent(Component.java:6400)
	at java.desktop/java.awt.Container.processEvent(Container.java:2263)
	at java.desktop/java.awt.Component.dispatchEventImpl(Component.java:5011)
	at java.desktop/java.awt.Container.dispatchEventImpl(Container.java:2321)
	at java.desktop/java.awt.Component.dispatchEvent(Component.java:4843)
	at java.desktop/java.awt.LightweightDispatcher.retargetMouseEvent(Container.java:4918)
	at java.desktop/java.awt.LightweightDispatcher.processMouseEvent(Container.java:4547)
	at java.desktop/java.awt.LightweightDispatcher.dispatchEvent(Container.java:4488)
	at java.desktop/java.awt.Container.dispatchEventImpl(Container.java:2307)
	at java.desktop/java.awt.Window.dispatchEventImpl(Window.java:2772)
	at java.desktop/java.awt.Component.dispatchEvent(Component.java:4843)
	at java.desktop/java.awt.EventQueue.dispatchEventImpl(EventQueue.java:772)
	at java.desktop/java.awt.EventQueue$4.run(EventQueue.java:721)
	at java.desktop/java.awt.EventQueue$4.run(EventQueue.java:715)
	at java.base/java.security.AccessController.doPrivileged(Native Method)
	at java.base/java.security.ProtectionDomain$JavaSecurityAccessImpl.doIntersectionPrivilege(ProtectionDomain.java:85)
	at java.base/java.security.ProtectionDomain$JavaSecurityAccessImpl.doIntersectionPrivilege(ProtectionDomain.java:95)
	at java.desktop/java.awt.EventQueue$5.run(EventQueue.java:745)
	at java.desktop/java.awt.EventQueue$5.run(EventQueue.java:743)
	at java.base/java.security.AccessController.doPrivileged(Native Method)
	at java.base/java.security.ProtectionDomain$JavaSecurityAccessImpl.doIntersectionPrivilege(ProtectionDomain.java:85)
	at java.desktop/java.awt.EventQueue.dispatchEvent(EventQueue.java:742)
	at java.desktop/java.awt.EventDispatchThread.pumpOneEventForFilters(EventDispatchThread.java:203)
	at java.desktop/java.awt.EventDispatchThread.pumpEventsForFilter(EventDispatchThread.java:124)
	at java.desktop/java.awt.EventDispatchThread.pumpEventsForHierarchy(EventDispatchThread.java:113)
	at java.desktop/java.awt.EventDispatchThread.pumpEvents(EventDispatchThread.java:109)
	at java.desktop/java.awt.EventDispatchThread.pumpEvents(EventDispatchThread.java:101)
	at java.desktop/java.awt.EventDispatchThread.run(EventDispatchThread.java:90)


================================================================================

================================================================================
BUG ID: 1001
Date: 2025-12-03 01:54:03
Module: ResturantScreen
Severity: HIGH
Status: OPEN
--------------------------------------------------------------------------------
Description:
  SQLException: No payment method available

Steps to Reproduce:
  See stack trace for conditions. Occurred in: ResturantScreen.saveOrderToDatabase() at line 298

Expected Result:
  No exception thrown

Actual Result:
  java.sql.SQLException: No payment method available
	at ResturantScreen.saveOrderToDatabase(ResturantScreen.java:298)
	at ResturantScreen.createOrder(ResturantScreen.java:204)
	at ResturantScreen.lambda$createRestaurantRow$1(ResturantScreen.java:151)
	at java.desktop/javax.swing.AbstractButton.fireActionPerformed(AbstractButton.java:1967)
	at java.desktop/javax.swing.AbstractButton$Handler.actionPerformed(AbstractButton.java:2308)
	at java.desktop/javax.swing.DefaultButtonModel.fireActionPerformed(DefaultButtonModel.java:405)
	at java.desktop/javax.swing.DefaultButtonModel.setPressed(DefaultButtonModel.java:262)
	at java.desktop/javax.swing.plaf.basic.BasicButtonListener.mouseReleased(BasicButtonListener.java:279)
	at java.desktop/java.awt.Component.processMouseEvent(Component.java:6635)
	at java.desktop/javax.swing.JComponent.processMouseEvent(JComponent.java:3342)
	at java.desktop/java.awt.Component.processEvent(Component.java:6400)
	at java.desktop/java.awt.Container.processEvent(Container.java:2263)
	at java.desktop/java.awt.Component.dispatchEventImpl(Component.java:5011)
	at java.desktop/java.awt.Container.dispatchEventImpl(Container.java:2321)
	at java.desktop/java.awt.Component.dispatchEvent(Component.java:4843)
	at java.desktop/java.awt.LightweightDispatcher.retargetMouseEvent(Container.java:4918)
	at java.desktop/java.awt.LightweightDispatcher.processMouseEvent(Container.java:4547)
	at java.desktop/java.awt.LightweightDispatcher.dispatchEvent(Container.java:4488)
	at java.desktop/java.awt.Container.dispatchEventImpl(Container.java:2307)
	at java.desktop/java.awt.Window.dispatchEventImpl(Window.java:2772)
	at java.desktop/java.awt.Component.dispatchEvent(Component.java:4843)
	at java.desktop/java.awt.EventQueue.dispatchEventImpl(EventQueue.java:772)
	at java.desktop/java.awt.EventQueue$4.run(EventQueue.java:721)
	at java.desktop/java.awt.EventQueue$4.run(EventQueue.java:715)
	at java.base/java.security.AccessController.doPrivileged(Native Method)
	at java.base/java.security.ProtectionDomain$JavaSecurityAccessImpl.doIntersectionPrivilege(ProtectionDomain.java:85)
	at java.base/java.security.ProtectionDomain$JavaSecurityAccessImpl.doIntersectionPrivilege(ProtectionDomain.java:95)
	at java.desktop/java.awt.EventQueue$5.run(EventQueue.java:745)
	at java.desktop/java.awt.EventQueue$5.run(EventQueue.java:743)
	at java.base/java.security.AccessController.doPrivileged(Native Method)
	at java.base/java.security.ProtectionDomain$JavaSecurityAccessImpl.doIntersectionPrivilege(ProtectionDomain.java:85)
	at java.desktop/java.awt.EventQueue.dispatchEvent(EventQueue.java:742)
	at java.desktop/java.awt.EventDispatchThread.pumpOneEventForFilters(EventDispatchThread.java:203)
	at java.desktop/java.awt.EventDispatchThread.pumpEventsForFilter(EventDispatchThread.java:124)
	at java.desktop/java.awt.EventDispatchThread.pumpEventsForHierarchy(EventDispatchThread.java:113)
	at java.desktop/java.awt.EventDispatchThread.pumpEvents(EventDispatchThread.java:109)
	at java.desktop/java.awt.EventDispatchThread.pumpEvents(EventDispatchThread.java:101)
	at java.desktop/java.awt.EventDispatchThread.run(EventDispatchThread.java:90)


================================================================================

